{
  "RSpec": {
    "coverage": {
      "/Users/student/Programming/Makers/Projects/bank_tech_test/spec/account_spec.rb": {
        "lines": [
          1,
          null,
          1,
          10,
          2,
          null,
          null,
          null,
          null,
          null,
          null,
          null,
          1,
          1,
          null,
          null,
          1,
          1,
          1,
          1,
          null,
          null,
          1,
          1,
          1,
          1,
          null,
          null,
          null,
          1,
          1,
          1,
          1,
          1,
          null,
          null,
          1,
          1,
          1,
          1,
          null,
          null,
          null,
          1,
          1,
          1,
          1,
          1,
          null,
          null,
          null,
          1,
          1,
          1,
          1,
          1,
          1,
          1,
          null,
          null,
          1,
          1,
          1,
          1,
          null,
          null,
          1,
          1,
          1,
          1,
          1,
          null,
          null,
          null
        ]
      },
      "/Users/student/Programming/Makers/Projects/bank_tech_test/spec/statement_spec.rb": {
        "lines": [
          1,
          null,
          1,
          2,
          2,
          4,
          3,
          2,
          3,
          null,
          1,
          1,
          null,
          null,
          1,
          1,
          2,
          2,
          1,
          1,
          null,
          null,
          null,
          1,
          2,
          null,
          2,
          1,
          1,
          null,
          null,
          null,
          null,
          1,
          2,
          null,
          2,
          1,
          1,
          null,
          null,
          null,
          null,
          1,
          2,
          null,
          2,
          1,
          1,
          null,
          null,
          null,
          null,
          null,
          null,
          null,
          null
        ]
      },
      "/Users/student/Programming/Makers/Projects/bank_tech_test/spec/transaction_spec.rb": {
        "lines": [
          1,
          null,
          1,
          2,
          5,
          null,
          1,
          1,
          null,
          null,
          1,
          1,
          1,
          null,
          null,
          null,
          1,
          1,
          1,
          null,
          null,
          null,
          1,
          1,
          1,
          null,
          null,
          null
        ]
      }
    },
    "timestamp": 1585040546
  }
}
